Build started 5/5/2015 9:39:12 PM.
     1>Project "E:\OSU\CS-162\Week4\Grocery\Grocery\Grocery.vcxproj" on node 2 (Build target(s)).
     1>ClCompile:
         E:\Visual Studio\VC\bin\CL.exe /c /ZI /nologo /W3 /WX- /sdl /Od /Oy- /D _MBCS /Gm /EHsc /RTC1 /MDd /GS /fp:precise /Zc:wchar_t /Zc:forScope /Fo"Debug\\" /Fd"Debug\vc120.pdb" /Gd /TP /analyze- /errorReport:prompt GroceryList.cpp Item.cpp main.cpp
         GroceryList.cpp
     1>e:\osu\cs-162\week4\grocery\grocery\grocerylist.cpp(27): warning C4018: '<' : signed/unsigned mismatch
     1>e:\osu\cs-162\week4\grocery\grocery\grocerylist.cpp(38): warning C4018: '<' : signed/unsigned mismatch
     1>e:\osu\cs-162\week4\grocery\grocery\grocerylist.cpp(53): warning C4018: '<' : signed/unsigned mismatch
         Generating Code...
         Compiling...
         main.cpp
         Item.cpp
         Generating Code...
       Link:
         E:\Visual Studio\VC\bin\link.exe /ERRORREPORT:PROMPT /OUT:"E:\OSU\CS-162\Week4\Grocery\Debug\Grocery.exe" /INCREMENTAL /NOLOGO kernel32.lib user32.lib gdi32.lib winspool.lib comdlg32.lib advapi32.lib shell32.lib ole32.lib oleaut32.lib uuid.lib odbc32.lib odbccp32.lib /MANIFEST /MANIFESTUAC:"level='asInvoker' uiAccess='false'" /manifest:embed /DEBUG /PDB:"E:\OSU\CS-162\Week4\Grocery\Debug\Grocery.pdb" /TLBID:1 /DYNAMICBASE /NXCOMPAT /IMPLIB:"E:\OSU\CS-162\Week4\Grocery\Debug\Grocery.lib" /MACHINE:X86 Debug\GroceryList.obj
         Debug\Item.obj
         Debug\main.obj
         Grocery.vcxproj -> E:\OSU\CS-162\Week4\Grocery\Debug\Grocery.exe
     1>Done Building Project "E:\OSU\CS-162\Week4\Grocery\Grocery\Grocery.vcxproj" (Build target(s)).

Build succeeded.

Time Elapsed 00:00:01.98
